This is pdfTeX, Version 3.14159265-2.6-1.40.16 (TeX Live 2015/Debian) (preloaded format=pdflatex 2018.5.18)  4 JUN 2018 22:18
entering extended mode
 restricted \write18 enabled.
 %&-line parsing enabled.
**Vyalova_SA_lab2.tex
(./Vyalova_SA_lab2.tex
LaTeX2e <2016/02/01>
Babel <3.9q> and hyphenation patterns for 20 language(s) loaded.

! LaTeX Error: File `ncc.cls' not found.

Type X to quit or <RETURN> to proceed,
or enter new name. (Default extension: cls)

Enter file name: 
! Emergency stop.
<read *> 
         
l.13 \usepackage
                [a4paper, mag=1000, left=2.5cm, right=1cm, top=2cm, bottom=2...
*** (cannot \read from terminal in nonstop modes)

 
Here is how much of TeX's memory you used:
 10 strings out of 493958
 207 string characters out of 6164389
 49873 words of memory out of 5000000
 3540 multiletter control sequences out of 15000+600000
 3640 words of font info for 14 fonts, out of 8000000 for 9000
 702 hyphenation exceptions out of 8191
 10i,0n,7p,148b,8s stack positions out of 5000i,500n,10000p,200000b,80000s
!  ==> Fatal error occurred, no output PDF file produced!
