This is pdfTeX, Version 3.14159265-2.6-1.40.16 (TeX Live 2015/Debian) (preloaded format=pdflatex 2018.5.17)  18 MAY 2018 02:49
entering extended mode
 restricted \write18 enabled.
 %&-line parsing enabled.
**Lab2.tex
(./Lab2.tex
LaTeX2e <2016/02/01>
Babel <3.9q> and hyphenation patterns for 5 language(s) loaded.
(/usr/share/texlive/texmf-dist/tex/latex/ncclatex/ncc.cls
Document Class: ncc 2006/01/17 v1.10 NCC-LaTeX document class (NCC)
(/usr/share/texlive/texmf-dist/tex/latex/ncclatex/ncc14.clo
File: ncc14.clo 2002/01/28 v1.00 Size option (NCC)
)
(/usr/share/texlive/texmf-dist/tex/latex/ncctools/tocenter.sty
Package: tocenter 2004/12/09 v1.1 Centering Page Layout (NCC)
)
(/usr/share/texlive/texmf-dist/tex/latex/ncctools/dcounter.sty
Package: dcounter 2005/04/25 v1.2 Dynamic Counters (NCC)
)
\c@part=\count79
\c@chapter=\count80
\c@section=\count81
\c@subsection=\count82
\c@subsubsection=\count83
\c@paragraph=\count84
\c@subparagraph=\count85

(/usr/share/texlive/texmf-dist/tex/latex/base/makeidx.sty
Package: makeidx 2014/09/29 v1.0m Standard LaTeX package
)
(/usr/share/texlive/texmf-dist/tex/latex/ncclatex/ncclatex.sty
Package: ncclatex 2006/01/17 v1.07 NCC-LaTeX Extension Package (NCC)

(/usr/share/texlive/texmf-dist/tex/latex/ncclatex/nccdefaults.sty
Package: nccdefaults 2006/01/17 v1.03 NCC-LaTeX default settings (NCC)

(/usr/share/texlive/texmf-dist/tex/latex/ncctools/afterpackage.sty
Package: afterpackage 2006/01/17 v1.1 Apply Commands After Package (NCC)
)
After Package Info: Apply commands to dcounter on input line 18
After Package Info: Collect commands for nccboxes on input line 25
After Package Info: Collect commands for nccsect on input line 29
After Package Info: Collect commands for nccthm on input line 88
After Package Info: Collect commands for babel on input line 108
)
(/usr/share/texlive/texmf-dist/tex/latex/ncctools/desclist.sty
Package: desclist 2004/11/23 v1.1 Desclist Package (NCC)
)
(/usr/share/texlive/texmf-dist/tex/latex/ncctools/extdash.sty
Package: extdash 2005/01/29 v1.2 Extended Dash Package (NCC)
)
(/usr/share/texlive/texmf-dist/tex/latex/ncctools/nccmath.sty
Package: nccmath 2005/02/21 v1.2 Additional Math Commands (NCC)

(/usr/share/texlive/texmf-dist/tex/latex/amsmath/amsmath.sty
Package: amsmath 2016/03/03 v2.15a AMS math features
\@mathmargin=\skip41

For additional information on amsmath, use the `?' option.
(/usr/share/texlive/texmf-dist/tex/latex/amsmath/amstext.sty
Package: amstext 2000/06/29 v2.01 AMS text

(/usr/share/texlive/texmf-dist/tex/latex/amsmath/amsgen.sty
File: amsgen.sty 1999/11/30 v2.0 generic functions
\@emptytoks=\toks14
\ex@=\dimen102
))
(/usr/share/texlive/texmf-dist/tex/latex/amsmath/amsbsy.sty
Package: amsbsy 1999/11/29 v1.2d Bold Symbols
\pmbraise@=\dimen103
)
(/usr/share/texlive/texmf-dist/tex/latex/amsmath/amsopn.sty
Package: amsopn 1999/12/14 v2.01 operator names
)
\inf@bad=\count86
LaTeX Info: Redefining \frac on input line 199.
\uproot@=\count87
\leftroot@=\count88
LaTeX Info: Redefining \overline on input line 297.
\classnum@=\count89
\DOTSCASE@=\count90
LaTeX Info: Redefining \ldots on input line 394.
LaTeX Info: Redefining \dots on input line 397.
LaTeX Info: Redefining \cdots on input line 518.
\Mathstrutbox@=\box26
\strutbox@=\box27
\big@size=\dimen104
LaTeX Font Info:    Redeclaring font encoding OML on input line 630.
LaTeX Font Info:    Redeclaring font encoding OMS on input line 631.
\macc@depth=\count91
\c@MaxMatrixCols=\count92
\dotsspace@=\muskip10
\c@parentequation=\count93
\dspbrk@lvl=\count94
\tag@help=\toks15
\row@=\count95
\column@=\count96
\maxfields@=\count97
\andhelp@=\toks16
\eqnshift@=\dimen105
\alignsep@=\dimen106
\tagshift@=\dimen107
\tagwidth@=\dimen108
\totwidth@=\dimen109
\lineht@=\dimen110
\@envbody=\toks17
\multlinegap=\skip42
\multlinetaggap=\skip43
\mathdisplay@stack=\toks18
LaTeX Info: Redefining \[ on input line 2735.
LaTeX Info: Redefining \] on input line 2736.
)
\NCC@fracrulewidth=\dimen111
)
(/usr/share/texlive/texmf-dist/tex/latex/ncctools/nccsect.sty
Package: nccsect 2006/01/19 v1.5 Extended Section, Caption, and TOC Han